{
    "generated_utc":  "2026-03-27T20:41:09.0278757Z",
    "record_id":  "power.disable-cpu-idle-states",
    "snapshot_name":  "baseline-20260327-regprobe-visible-shell-stable",
    "test_name":  "cpu-idle-states-20260327-233538",
    "status":  "failed",
    "failed_stage":  "revert-snapshot",
    "baseline_write":  null,
    "baseline_read":  null,
    "baseline_after_boot":  null,
    "candidate_write":  null,
    "candidate_after_boot":  null,
    "cpu_summary":  null,
    "mem_summary":  null,
    "restore_write":  null,
    "restore_after_boot":  null,
    "recovery":  {
                     "performed":  true,
                     "shell_healthy_after_recovery":  true
                 },
    "errors":  [
                   "Explorer did not come back in time."
               ]
}
