INFO  Using log config file: jar:file:/C:/Tools/Ghidra/ghidra_12.0.4_PUBLIC/Ghidra/Framework/Generic/lib/Generic.jar!/generic.log4j.xml (LoggingInitialization)  
INFO  Using log file: C:\Users\Administrator\AppData\Roaming\ghidra\ghidra_12.0.4_PUBLIC\application.log (LoggingInitialization)  
INFO  Loading user preferences: C:\Users\Administrator\AppData\Roaming\ghidra\ghidra_12.0.4_PUBLIC\preferences (Preferences)  
INFO  Searching for classes... (ClassSearcher)  
INFO  Class search complete (1066 ms) (ClassSearcher)  
INFO  Initializing SSL Context (DefaultSSLContextInitializer)  
INFO  Initializing Random Number Generator... (SecureRandomFactory)  
INFO  Random Number Generator initialization complete: SHA1PRNG (SecureRandomFactory)  
INFO  Trust manager disabled, cacerts have not been set (DefaultTrustManagerFactory)  
INFO  Headless startup complete (2770 ms) (AnalyzeHeadless)  
INFO  Class searcher loaded 58 extension points (18 false positives) (ClassSearcher)  
INFO  HEADLESS Script Paths:
    C:\Tools\Ghidra\ghidra_12.0.4_PUBLIC\Ghidra\Processors\Atmel\ghidra_scripts
    C:\Tools\Ghidra\ghidra_12.0.4_PUBLIC\Ghidra\Debug\Debugger-rmi-trace\ghidra_scripts
    C:\Tools\Ghidra\ghidra_12.0.4_PUBLIC\Ghidra\Features\GnuDemangler\ghidra_scripts
    C:\Tools\Ghidra\ghidra_12.0.4_PUBLIC\Ghidra\Features\VersionTracking\ghidra_scripts
    C:\Tools\Ghidra\ghidra_12.0.4_PUBLIC\Ghidra\Features\BytePatterns\ghidra_scripts
    C:\Tools\Ghidra\ghidra_12.0.4_PUBLIC\Ghidra\Features\Base\ghidra_scripts
    C:\Tools\Ghidra\ghidra_12.0.4_PUBLIC\Ghidra\Features\Decompiler\ghidra_scripts
    C:\Tools\Ghidra\ghidra_12.0.4_PUBLIC\Ghidra\Processors\PIC\ghidra_scripts
    C:\Tools\Ghidra\ghidra_12.0.4_PUBLIC\Ghidra\Processors\DATA\ghidra_scripts
    C:\Tools\Ghidra\ghidra_12.0.4_PUBLIC\Ghidra\Processors\8051\ghidra_scripts
    C:\Tools\Ghidra\ghidra_12.0.4_PUBLIC\Ghidra\Features\PyGhidra\ghidra_scripts
    C:\Tools\Ghidra\ghidra_12.0.4_PUBLIC\Ghidra\Features\FunctionID\ghidra_scripts
    C:\Tools\Ghidra\ghidra_12.0.4_PUBLIC\Ghidra\Features\BSim\ghidra_scripts
    C:\Tools\Ghidra\ghidra_12.0.4_PUBLIC\Ghidra\Features\DecompilerDependent\ghidra_scripts
    C:\Tools\Ghidra\ghidra_12.0.4_PUBLIC\Ghidra\Features\MicrosoftCodeAnalyzer\ghidra_scripts
    C:\Tools\Ghidra\ghidra_12.0.4_PUBLIC\Ghidra\Processors\JVM\ghidra_scripts
    C:\Tools\Ghidra\ghidra_12.0.4_PUBLIC\Ghidra\Features\SystemEmulation\ghidra_scripts
    C:\Tools\GhidraV32Probes\resourcepolicysrv-fullscreen-ghidra-branch-template-refresh-20260401-075058\scripts
    C:\Tools\Ghidra\ghidra_12.0.4_PUBLIC\Ghidra\Features\WildcardAssembler\ghidra_scripts
    C:\Tools\Ghidra\ghidra_12.0.4_PUBLIC\Ghidra\Debug\Debugger\ghidra_scripts
    C:\Tools\Ghidra\ghidra_12.0.4_PUBLIC\Ghidra\Features\PDB\ghidra_scripts
    C:\Tools\Ghidra\ghidra_12.0.4_PUBLIC\Ghidra\Features\SwiftDemangler\ghidra_scripts
    C:\Tools\Ghidra\ghidra_12.0.4_PUBLIC\Ghidra\Features\Jython\ghidra_scripts
    C:\Tools\Ghidra\ghidra_12.0.4_PUBLIC\Ghidra\Features\FileFormats\ghidra_scripts (HeadlessAnalyzer)  
INFO  HEADLESS: execution starts (HeadlessAnalyzer)  
INFO  Creating temporary project: C:\Tools\GhidraProjects\Probe_resourcepolicysrv_fullscreen_ghidra_branch_template_refresh (HeadlessAnalyzer)  
INFO  Creating project: C:\Tools\GhidraProjects\Probe_resourcepolicysrv_fullscreen_ghidra_branch_template_refresh (DefaultProject)  
INFO  REPORT: Processing input files:  (HeadlessAnalyzer)  
INFO       project: C:\Tools\GhidraProjects\Probe_resourcepolicysrv_fullscreen_ghidra_branch_template_refresh (HeadlessAnalyzer)  
INFO  IMPORTING: file:///C:/Windows/System32/ResourcePolicyServer.dll (HeadlessAnalyzer)  
INFO  Using Loader: Portable Executable (PE) (ProgramLoader)  
INFO  Using Language/Compiler: x86:LE:64:default:windows (ProgramLoader)  
INFO  Using Library Search Path: [., C:\Windows\SysWOW64, C:\Tools\Java\jdk-21.0.10+7\bin, C:\Windows\Sun\Java\bin, C:\Windows\system32, C:\Windows, C:\Windows\System32\Wbem, C:\Windows\System32\WindowsPowerShell\v1.0\, C:\Tools\Scripts, C:\Tools\Sysinternals, C:\Program Files (x86)\Windows Kits\10\Windows Performance Toolkit, C:\Tools\DotNetSDK\8.0.416, C:\Tools\WindowsTerminal\terminal-1.24.10621.0, C:\Program Files (x86)\Windows Kits\10\Windows Performance Toolkit\, C:\Program Files\dotnet\, C:\Users\Administrator\AppData\Local\Microsoft\WindowsApps, C:\Users\Administrator\.dotnet\tools] (ProgramLoader)  
INFO  TLS callbacks at 180143030 (TLSDirectory)  
WARN  Invalid or missing function at 1801585b0 (ExportDataDirectory)  
INFO  TLS callbacks at 180080708 (TLSDirectory)  
INFO  Additional info:
Loading file:///C:/Windows/System32/ResourcePolicyServer.dll?MD5=03fa13f793c447b33cfca27df1f35015...
------------------------------------------------

Searching 15 paths for library API-MS-WIN-APPMODEL-RUNTIME-L1-1-0.DLL...
Library not found.
------------------------------------------------

Searching 15 paths for library API-MS-WIN-CORE-COM-L1-1-0.DLL...
Library not found.
------------------------------------------------

Searching 15 paths for library API-MS-WIN-CORE-DEBUG-L1-1-0.DLL...
Loading file:///C:/Tools/Java/jdk-21.0.10+7/bin/api-ms-win-core-debug-l1-1-0.dll?MD5=226a5983ae2cbbf0c1bda85d65948abc...
Using existing exports file: C:\Users\Administrator\AppData\Roaming\ghidra\ghidra_12.0.4_PUBLIC\symbols\win64\api-ms-win-core-debug-l1-1-0.exports
Library not saved to project.
------------------------------------------------

Searching 15 paths for library API-MS-WIN-CORE-DELAYLOAD-L1-1-0.DLL...
Library not found.
------------------------------------------------

Searching 15 paths for library API-MS-WIN-CORE-DELAYLOAD-L1-1-1.DLL...
Library not found.
------------------------------------------------

Searching 15 paths for library API-MS-WIN-CORE-ERRORHANDLING-L1-1-0.DLL...
Loading file:///C:/Tools/Java/jdk-21.0.10+7/bin/api-ms-win-core-errorhandling-l1-1-0.dll?MD5=c2f8c03ecce9941492bfbe4b82f7d2d5...
Using existing exports file: C:\Users\Administrator\AppData\Roaming\ghidra\ghidra_12.0.4_PUBLIC\symbols\win64\api-ms-win-core-errorhandling-l1-1-0.exports
Library not saved to project.
------------------------------------------------

Searching 15 paths for library API-MS-WIN-CORE-HANDLE-L1-1-0.DLL...
Loading file:///C:/Tools/Java/jdk-21.0.10+7/bin/api-ms-win-core-handle-l1-1-0.dll?MD5=416aa8314222db6cbb3760856be13d46...
Using existing exports file: C:\Users\Administrator\AppData\Roaming\ghidra\ghidra_12.0.4_PUBLIC\symbols\win64\api-ms-win-core-handle-l1-1-0.exports
Library not saved to project.
------------------------------------------------

Searching 15 paths for library API-MS-WIN-CORE-HEAP-L1-1-0.DLL...
Loading file:///C:/Tools/Java/jdk-21.0.10+7/bin/api-ms-win-core-heap-l1-1-0.dll?MD5=344a09b4be069f86356a89482c156647...
Using existing exports file: C:\Users\Administrator\AppData\Roaming\ghidra\ghidra_12.0.4_PUBLIC\symbols\win64\api-ms-win-core-heap-l1-1-0.exports
Library not saved to project.
------------------------------------------------

Searching 15 paths for library API-MS-WIN-CORE-HEAP-L2-1-0.DLL...
Library not found.
------------------------------------------------

Searching 15 paths for library API-MS-WIN-CORE-LIBRARYLOADER-L1-2-0.DLL...
Library not found.
------------------------------------------------

Searching 15 paths for library API-MS-WIN-CORE-LOCALIZATION-L1-2-0.DLL...
Loading file:///C:/Tools/Java/jdk-21.0.10+7/bin/api-ms-win-core-localization-l1-2-0.dll?MD5=5241df2e95e31e73ccfd6357ad309df0...
Using existing exports file: C:\Users\Administrator\AppData\Roaming\ghidra\ghidra_12.0.4_PUBLIC\symbols\win64\api-ms-win-core-localization-l1-2-0.exports
Library not saved to project.
------------------------------------------------

Searching 15 paths for library API-MS-WIN-CORE-MEMORY-L1-1-0.DLL...
Loading file:///C:/Tools/Java/jdk-21.0.10+7/bin/api-ms-win-core-memory-l1-1-0.dll?MD5=8d285430e8bda6d5c9b683579adcb180...
Using existing exports file: C:\Users\Administrator\AppData\Roaming\ghidra\ghidra_12.0.4_PUBLIC\symbols\win64\api-ms-win-core-memory-l1-1-0.exports
Library not saved to project.
------------------------------------------------

Searching 15 paths for library API-MS-WIN-CORE-PROCESSTHREADS-L1-1-0.DLL...
Loading file:///C:/Tools/Java/jdk-21.0.10+7/bin/api-ms-win-core-processthreads-l1-1-0.dll?MD5=c123f2c161884fbff4f00ef1e1391266...
Using existing exports file: C:\Users\Administrator\AppData\Roaming\ghidra\ghidra_12.0.4_PUBLIC\symbols\win64\api-ms-win-core-processthreads-l1-1-0.exports
Library not saved to project.
------------------------------------------------

Searching 15 paths for library API-MS-WIN-CORE-PROCESSTHREADS-L1-1-1.DLL...
Loading file:///C:/Tools/Java/jdk-21.0.10+7/bin/api-ms-win-core-processthreads-l1-1-1.dll?MD5=385f562bdc391ccd4f81aca3719f3236...
Using existing exports file: C:\Users\Administrator\AppData\Roaming\ghidra\ghidra_12.0.4_PUBLIC\symbols\win64\api-ms-win-core-processthreads-l1-1-1.exports
Library not saved to project.
------------------------------------------------

Searching 15 paths for library API-MS-WIN-CORE-PROFILE-L1-1-0.DLL...
Loading file:///C:/Tools/Java/jdk-21.0.10+7/bin/api-ms-win-core-profile-l1-1-0.dll?MD5=7a629293eeb0bca5f9bdee8ade477c54...
Using existing exports file: C:\Users\Administrator\AppData\Roaming\ghidra\ghidra_12.0.4_PUBLIC\symbols\win64\api-ms-win-core-profile-l1-1-0.exports
Library not saved to project.
------------------------------------------------

Searching 15 paths for library API-MS-WIN-CORE-PSAPI-L1-1-0.DLL...
Library not found.
------------------------------------------------

Searching 15 paths for library API-MS-WIN-CORE-REGISTRY-L1-1-0.DLL...
Library not found.
------------------------------------------------

Searching 15 paths for library API-MS-WIN-CORE-REGISTRY-L2-1-0.DLL...
Library not found.
------------------------------------------------

Searching 15 paths for library API-MS-WIN-CORE-RTLSUPPORT-L1-1-0.DLL...
Loading file:///C:/Tools/Java/jdk-21.0.10+7/bin/api-ms-win-core-rtlsupport-l1-1-0.dll?MD5=3c5c7a3130b075b2def5c413c127173f...
Using existing exports file: C:\Users\Administrator\AppData\Roaming\ghidra\ghidra_12.0.4_PUBLIC\symbols\win64\api-ms-win-core-rtlsupport-l1-1-0.exports
Library not saved to project.
------------------------------------------------

Searching 15 paths for library API-MS-WIN-CORE-SYNCH-L1-1-0.DLL...
Loading file:///C:/Tools/Java/jdk-21.0.10+7/bin/api-ms-win-core-synch-l1-1-0.dll?MD5=436ea0237ed040513ec887046418faaa...
Using existing exports file: C:\Users\Administrator\AppData\Roaming\ghidra\ghidra_12.0.4_PUBLIC\symbols\win64\api-ms-win-core-synch-l1-1-0.exports
Library not saved to project.
------------------------------------------------

Searching 15 paths for library API-MS-WIN-CORE-SYNCH-L1-2-0.DLL...
Loading file:///C:/Tools/Java/jdk-21.0.10+7/bin/api-ms-win-core-synch-l1-2-0.dll?MD5=8f107a7bc018227b181a0e7e76e9ca39...
Created exports file: C:\Users\Administrator\AppData\Roaming\ghidra\ghidra_12.0.4_PUBLIC\symbols\win64\api-ms-win-core-synch-l1-2-0.exports
Library not saved to project.
------------------------------------------------

Searching 15 paths for library API-MS-WIN-CORE-SYSINFO-L1-1-0.DLL...
Loading file:///C:/Tools/Java/jdk-21.0.10+7/bin/api-ms-win-core-sysinfo-l1-1-0.dll?MD5=b65bf5ef316880fd8d21e1b34eb5c8a9...
Using existing exports file: C:\Users\Administrator\AppData\Roaming\ghidra\ghidra_12.0.4_PUBLIC\symbols\win64\api-ms-win-core-sysinfo-l1-1-0.exports
Library not saved to project.
------------------------------------------------

Searching 15 paths for library API-MS-WIN-CORE-WINRT-L1-1-0.DLL...
Library not found.
------------------------------------------------

Searching 15 paths for library API-MS-WIN-CORE-WINRT-STRING-L1-1-0.DLL...
Library not found.
------------------------------------------------

Searching 15 paths for library API-MS-WIN-EVENTING-PROVIDER-L1-1-0.DLL...
Loading file:///C:/Program Files (x86)/Windows Kits/10/Windows Performance Toolkit/api-ms-win-eventing-provider-l1-1-0.dll?MD5=0a842c231c14c522a280e082851a2346...
Created exports file: C:\Users\Administrator\AppData\Roaming\ghidra\ghidra_12.0.4_PUBLIC\symbols\win64\api-ms-win-eventing-provider-l1-1-0.exports
Library not saved to project.
------------------------------------------------

Searching 15 paths for library API-MS-WIN-SECURITY-ACCESSHLPR-L1-1-0.DLL...
Library not found.
------------------------------------------------

Searching 15 paths for library API-MS-WIN-SECURITY-BASE-L1-1-0.DLL...
Library not found.
------------------------------------------------

Searching 15 paths for library API-MS-WIN-SECURITY-CAPABILITY-L1-1-0.DLL...
Library not found.
------------------------------------------------

Searching 15 paths for library API-MS-WIN-SECURITY-SDDL-L1-1-0.DLL...
Library not found.
------------------------------------------------

Searching 15 paths for library CRYPT32.DLL...
Loading file:///C:/Windows/System32/crypt32.dll?MD5=fd001cf56e84e1a9eee53b01b1fcfcae...
Created exports file: C:\Users\Administrator\AppData\Roaming\ghidra\ghidra_12.0.4_PUBLIC\symbols\win64\crypt32.exports
Library not saved to project.
------------------------------------------------

Searching 15 paths for library CRYPTSP.DLL...
Loading file:///C:/Windows/System32/cryptsp.dll?MD5=6fcb17b55fbcf70f324ddb2f2694ee61...
Created exports file: C:\Users\Administrator\AppData\Roaming\ghidra\ghidra_12.0.4_PUBLIC\symbols\win64\cryptsp.exports
Library not saved to project.
------------------------------------------------

Searching 15 paths for library MSVCRT.DLL...
Loading file:///C:/Windows/System32/msvcrt.dll?MD5=4f564db89827b3099eab69b27ce4cac9...
Using existing exports file: C:\Users\Administrator\AppData\Roaming\ghidra\ghidra_12.0.4_PUBLIC\symbols\win64\msvcrt.exports
Library not saved to project.
------------------------------------------------

Searching 15 paths for library NTDLL.DLL...
Loading file:///C:/Windows/System32/ntdll.dll?MD5=76ce9e4ce8308e6c6aabb47cd436d4d6...
Using existing exports file: C:\Users\Administrator\AppData\Roaming\ghidra\ghidra_12.0.4_PUBLIC\symbols\win64\ntdll.exports
Library not saved to project.
------------------------------------------------

Searching 15 paths for library RPCRT4.DLL...
Loading file:///C:/Windows/System32/rpcrt4.dll?MD5=64bc333acd535a6b6e7e57aae0035ab1...
Index 10 out of bounds for length 10
Created exports file: C:\Users\Administrator\AppData\Roaming\ghidra\ghidra_12.0.4_PUBLIC\symbols\win64\rpcrt4.exports
Library not saved to project.
------------------------------------------------

Searching 15 paths for library SRUMAPI.DLL...
Loading file:///C:/Windows/System32/srumapi.dll?MD5=0399600e9ccf4479dcc64bf5a5bdc4b8...
[srumapi.dll]: failed to create WEVTResource at 180012110: Failed to resolve data length for WEVTResource
Created exports file: C:\Users\Administrator\AppData\Roaming\ghidra\ghidra_12.0.4_PUBLIC\symbols\win64\srumapi.exports
Library not saved to project.
------------------------------------------------

Applying C:\Users\Administrator\AppData\Roaming\ghidra\ghidra_12.0.4_PUBLIC\symbols\win64\msvcrt.exports
Applying C:\Users\Administrator\AppData\Roaming\ghidra\ghidra_12.0.4_PUBLIC\symbols\win64\api-ms-win-core-synch-l1-1-0.exports
Applying C:\Users\Administrator\AppData\Roaming\ghidra\ghidra_12.0.4_PUBLIC\symbols\win64\api-ms-win-core-heap-l1-1-0.exports
Applying C:\Users\Administrator\AppData\Roaming\ghidra\ghidra_12.0.4_PUBLIC\symbols\win64\api-ms-win-core-errorhandling-l1-1-0.exports
Applying C:\Users\Administrator\AppData\Roaming\ghidra\ghidra_12.0.4_PUBLIC\symbols\win64\api-ms-win-core-processthreads-l1-1-0.exports
Applying C:\Users\Administrator\AppData\Roaming\ghidra\ghidra_12.0.4_PUBLIC\symbols\win64\api-ms-win-core-localization-l1-2-0.exports
Applying C:\Users\Administrator\AppData\Roaming\ghidra\ghidra_12.0.4_PUBLIC\symbols\win64\api-ms-win-core-debug-l1-1-0.exports
Applying C:\Users\Administrator\AppData\Roaming\ghidra\ghidra_12.0.4_PUBLIC\symbols\win64\api-ms-win-core-handle-l1-1-0.exports
Applying C:\Users\Administrator\AppData\Roaming\ghidra\ghidra_12.0.4_PUBLIC\symbols\win64\api-ms-win-core-synch-l1-2-0.exports
Applying C:\Users\Administrator\AppData\Roaming\ghidra\ghidra_12.0.4_PUBLIC\symbols\win64\api-ms-win-core-profile-l1-1-0.exports
Applying C:\Users\Administrator\AppData\Roaming\ghidra\ghidra_12.0.4_PUBLIC\symbols\win64\api-ms-win-core-sysinfo-l1-1-0.exports
Applying C:\Users\Administrator\AppData\Roaming\ghidra\ghidra_12.0.4_PUBLIC\symbols\win64\api-ms-win-core-rtlsupport-l1-1-0.exports
Applying C:\Users\Administrator\AppData\Roaming\ghidra\ghidra_12.0.4_PUBLIC\symbols\win64\rpcrt4.exports
Applying C:\Users\Administrator\AppData\Roaming\ghidra\ghidra_12.0.4_PUBLIC\symbols\win64\api-ms-win-core-processthreads-l1-1-1.exports
Applying C:\Users\Administrator\AppData\Roaming\ghidra\ghidra_12.0.4_PUBLIC\symbols\win64\api-ms-win-core-memory-l1-1-0.exports
Applying C:\Users\Administrator\AppData\Roaming\ghidra\ghidra_12.0.4_PUBLIC\symbols\win64\api-ms-win-eventing-provider-l1-1-0.exports
Applying C:\Users\Administrator\AppData\Roaming\ghidra\ghidra_12.0.4_PUBLIC\symbols\win64\ntdll.exports
Applying C:\Users\Administrator\AppData\Roaming\ghidra\ghidra_12.0.4_PUBLIC\symbols\win64\srumapi.exports
Applying C:\Users\Administrator\AppData\Roaming\ghidra\ghidra_12.0.4_PUBLIC\symbols\win64\crypt32.exports
Applying C:\Users\Administrator\AppData\Roaming\ghidra\ghidra_12.0.4_PUBLIC\symbols\win64\cryptsp.exports
Linking the External Programs of 'ResourcePolicyServer.dll' to imported libraries...
  [MSVCRT.DLL] -> not found in project
  [API-MS-WIN-CORE-LIBRARYLOADER-L1-2-0.DLL] -> not found in project
  [API-MS-WIN-CORE-SYNCH-L1-1-0.DLL] -> not found in project
  [API-MS-WIN-CORE-HEAP-L1-1-0.DLL] -> not found in project
  [API-MS-WIN-CORE-ERRORHANDLING-L1-1-0.DLL] -> not found in project
  [API-MS-WIN-CORE-PROCESSTHREADS-L1-1-0.DLL] -> not found in project
  [API-MS-WIN-CORE-LOCALIZATION-L1-2-0.DLL] -> not found in project
  [API-MS-WIN-CORE-DEBUG-L1-1-0.DLL] -> not found in project
  [API-MS-WIN-CORE-HANDLE-L1-1-0.DLL] -> not found in project
  [API-MS-WIN-CORE-SYNCH-L1-2-0.DLL] -> not found in project
  [API-MS-WIN-CORE-PROFILE-L1-1-0.DLL] -> not found in project
  [API-MS-WIN-CORE-SYSINFO-L1-1-0.DLL] -> not found in project
  [API-MS-WIN-CORE-RTLSUPPORT-L1-1-0.DLL] -> not found in project
  [API-MS-WIN-SECURITY-BASE-L1-1-0.DLL] -> not found in project
  [API-MS-WIN-CORE-HEAP-L2-1-0.DLL] -> not found in project
  [RPCRT4.DLL] -> not found in project
  [API-MS-WIN-CORE-PROCESSTHREADS-L1-1-1.DLL] -> not found in project
  [API-MS-WIN-CORE-PSAPI-L1-1-0.DLL] -> not found in project
  [API-MS-WIN-CORE-MEMORY-L1-1-0.DLL] -> not found in project
  [API-MS-WIN-CORE-REGISTRY-L1-1-0.DLL] -> not found in project
  [API-MS-WIN-CORE-WINRT-L1-1-0.DLL] -> not found in project
  [API-MS-WIN-CORE-WINRT-STRING-L1-1-0.DLL] -> not found in project
  [API-MS-WIN-EVENTING-PROVIDER-L1-1-0.DLL] -> not found in project
  [API-MS-WIN-CORE-COM-L1-1-0.DLL] -> not found in project
  [NTDLL.DLL] -> not found in project
  [API-MS-WIN-CORE-DELAYLOAD-L1-1-1.DLL] -> not found in project
  [API-MS-WIN-CORE-DELAYLOAD-L1-1-0.DLL] -> not found in project
  [SRUMAPI.DLL] -> not found in project
  [API-MS-WIN-SECURITY-ACCESSHLPR-L1-1-0.DLL] -> not found in project
  [API-MS-WIN-SECURITY-SDDL-L1-1-0.DLL] -> not found in project
  [CRYPT32.DLL] -> not found in project
  [API-MS-WIN-CORE-REGISTRY-L2-1-0.DLL] -> not found in project
  [CRYPTSP.DLL] -> not found in project
  [API-MS-WIN-APPMODEL-RUNTIME-L1-1-0.DLL] -> not found in project
  [API-MS-WIN-SECURITY-CAPABILITY-L1-1-0.DLL] -> not found in project
------------------------------------------------

 (ProgramLoader)  
INFO  IMPORTING: Loaded 0 additional files (HeadlessAnalyzer)  
INFO  REPORT: Execute script: SetPdbSymbolRepository.java 'C:\Tools\Symbols\resourcepolicysrv-fullscreen-ghidra-branch-template-refresh'  (HeadlessAnalyzer)  
INFO  SCRIPT: C:\Tools\GhidraV32Probes\resourcepolicysrv-fullscreen-ghidra-branch-template-refresh-20260401-075058\scripts\SetPdbSymbolRepository.java (HeadlessAnalyzer)  
ERROR PDB.Symbol Repository Path could not be found for this program. (SetPdbSymbolRepository)  
INFO  SetPdbSymbolRepository.java> Configured PDB.Symbol Repository Path = C:\Tools\Symbols\resourcepolicysrv-fullscreen-ghidra-branch-template-refresh (GhidraScript)  
INFO  SetPdbSymbolRepository.java> Configured explicit PDB file = C:\Tools\Symbols\resourcepolicysrv-fullscreen-ghidra-branch-template-refresh\ResourcePolicyServer.pdb\D09B3D8E5C63F81154989A4DC0B95FB31\ResourcePolicyServer.pdb (GhidraScript)  
INFO  ANALYZING all memory and code: file:///C:/Windows/System32/ResourcePolicyServer.dll (HeadlessAnalyzer)  
WARN  Ignoring leading '_' chars on no-return name '___raise_securityfailure' specified in file: C:\Tools\Ghidra\ghidra_12.0.4_PUBLIC\Ghidra\Features\Base\data\PEFunctionsThatDoNotReturn (NoReturnFunctionAnalyzer)  
WARN  Ignoring leading '_' chars on no-return name '___report_rangecheckfailure' specified in file: C:\Tools\Ghidra\ghidra_12.0.4_PUBLIC\Ghidra\Features\Base\data\PEFunctionsThatDoNotReturn (NoReturnFunctionAnalyzer)  
INFO  PDB analyzer parsing file: C:\Tools\Symbols\resourcepolicysrv-fullscreen-ghidra-branch-template-refresh\ResourcePolicyServer.pdb\D09B3D8E5C63F81154989A4DC0B95FB31\ResourcePolicyServer.pdb (PdbUniversalAnalyzer)  
INFO  resolveCount: 0 (DefaultPdbApplicator)  
INFO  conflictCount: 0 (DefaultPdbApplicator)  
INFO  PDB Types and Main Symbols Processing Terminated Normally (DefaultPdbApplicator)  
INFO  PDB Universal: scheduling PDB Function Internals Analysis (PdbUniversalAnalyzer)  
INFO  Packed database cache: C:\Users\Administrator\AppData\Local\ghidra\packed-db-cache (PackedDatabaseCache)  
INFO  Applied data type archive: windows_vs12_64 (ApplyDataArchiveAnalyzer)  
ERROR Could not create Data at address 18002493a (DemangledVariable)  
INFO  PDB Function Internals Processing Terminated Normally (DefaultPdbApplicator)  
INFO  PDB Applicator Reporting (DefaultPdbApplicator)  
INFO  PDB Applicator Reporting Terminated Normally (DefaultPdbApplicator)  
INFO  -----------------------------------------------------
    ASCII Strings                              0.409 secs
    Apply Data Archives                        0.147 secs
    Call Convention ID                         0.013 secs
    Call-Fixup Installer                       0.014 secs
    Create Address Tables                      0.025 secs
    Create Address Tables - One Time           0.046 secs
    Create Function                            0.029 secs
    Data Reference                             0.034 secs
    Decompiler Parameter ID                    2.296 secs
    Decompiler Switch Analysis                 4.281 secs
    Demangler Microsoft                        0.473 secs
    Disassemble Entry Points                   0.769 secs
    Disassemble Entry Points - One Time        0.009 secs
    Embedded Media                             0.007 secs
    External Entry References                  0.000 secs
    Function ID                                0.606 secs
    Function Start Search                      0.020 secs
    Non-Returning Functions - Discovered       0.106 secs
    Non-Returning Functions - Known            0.007 secs
    PDB Universal                              0.631 secs
    PDB Universal Function Internals           0.017 secs
    PDB Universal Reporting                    0.002 secs
    Reference                                  0.075 secs
    Scalar Operand References                  0.216 secs
    Shared Return Calls                        0.045 secs
    Stack                                      2.563 secs
    Subroutine References                      0.030 secs
    Subroutine References - One Time           0.009 secs
    Windows x86 PE Exception Handling          1.600 secs
    Windows x86 PE RTTI Analyzer               0.014 secs
    Windows x86 Thread Environment Block (TEB) Analyzer     0.019 secs
    WindowsResourceReference                   0.484 secs
    x86 Constant Reference Analyzer            1.923 secs
-----------------------------------------------------
     Total Time   16 secs
-----------------------------------------------------
 (AutoAnalysisManager)  
INFO  REPORT: Analysis succeeded for file: file:///C:/Windows/System32/ResourcePolicyServer.dll (HeadlessAnalyzer)  
INFO  REPORT: Execute script: ExportBranchAnalysis.java 'C:\Tools\GhidraV32Probes\resourcepolicysrv-fullscreen-ghidra-branch-template-refresh-20260401-075058\ghidra-matches.md' 'C:\Tools\GhidraV32Probes\resourcepolicysrv-fullscreen-ghidra-branch-template-refresh-20260401-075058\evidence.json' 'resourcepolicysrv-fullscreen-ghidra-branch-template-refresh' 'C:\Tools\Symbols\resourcepolicysrv-fullscreen-ghidra-branch-template-refresh' 'GameDVR_FSEBehavior' 'GameDVR_FSEBehaviorMode' 'GameDVR_HonorUserFSEBehaviorMode' 'GameDVR_DXGIHonorFSEWindowsCompatible' 'GameConfigStore'  (HeadlessAnalyzer)  
INFO  SCRIPT: C:\Tools\GhidraV32Probes\resourcepolicysrv-fullscreen-ghidra-branch-template-refresh-20260401-075058\scripts\ExportBranchAnalysis.java (HeadlessAnalyzer)  
INFO  ANALYZING changes made by post scripts: file:///C:/Windows/System32/ResourcePolicyServer.dll (HeadlessAnalyzer)  
INFO  REPORT: Post-analysis succeeded for file: file:///C:/Windows/System32/ResourcePolicyServer.dll (HeadlessAnalyzer)  
INFO  /ResourcePolicyServer.dll: file created (Administrator) (LocalFileSystem)  
INFO  REPORT: Save succeeded for: /ResourcePolicyServer.dll (Probe_resourcepolicysrv_fullscreen_ghidra_branch_template_refresh:/ResourcePolicyServer.dll) (HeadlessAnalyzer)  
INFO  REPORT: Import succeeded (HeadlessAnalyzer)
