Opened log file '\evidence\files\vm-tooling-staging\windbg-boot-registry-trace-20260403-183909\kd-console.log'

************* Preparing the environment for Debugger Extensions Gallery repositories **************
   ExtensionRepository : Implicit
   UseExperimentalFeatureForNugetShare : true
   AllowNugetExeUpdate : true
   NonInteractiveNuget : true
   AllowNugetMSCredentialProviderInstall : true
   AllowParallelInitializationOfLocalRepositories : true
   EnableRedirectToChakraJsProvider : false

   -- Configuring repositories
      ----> Repository : LocalInstalled, Enabled: true
      ----> Repository : UserExtensions, Enabled: true

>>>>>>>>>>>>> Preparing the environment for Debugger Extensions Gallery repositories completed, duration 0.000 seconds

************* Waiting for Debugger Extensions Gallery to Initialize **************

>>>>>>>>>>>>> Waiting for Debugger Extensions Gallery to Initialize completed, duration 0.015 seconds
   ----> Repository : UserExtensions, Enabled: true, Packages count: 0
   ----> Repository : LocalInstalled, Enabled: true, Packages count: 46

Microsoft (R) Windows Debugger Version 10.0.29547.1002 AMD64
Copyright (c) Microsoft Corporation. All rights reserved.

Opened \\.\pipe\regprobe_debug
Waiting to reconnect...
NatVis script successfully loaded from '<local-path>
NatVis script successfully loaded from '<local-path>
NatVis script successfully loaded from '<local-path>
NatVis script successfully loaded from '<local-path>
NatVis script successfully loaded from '<local-path>
NatVis script successfully loaded from '<local-path>
NatVis script successfully loaded from '<local-path>
NatVis script successfully loaded from '<local-path>
NatVis script successfully loaded from '<local-path>
NatVis script successfully loaded from '<local-path>
NatVis script successfully loaded from '<local-path>
NatVis script successfully loaded from '<local-path>
NatVis script successfully loaded from '<local-path>
Connected to Windows 10 26100 x64 target at (Fri Apr  3 18:39:10.126 2026 (UTC + 3:00)), ptr64 TRUE
Kernel Debugger connection established.
Symbol search path is: srv*
Executable search path is: 
Windows 10 Kernel Version 26100 MP (4 procs) Free x64
Product: WinNt, suite: TerminalServer SingleUserTS
Edition build lab: 26100.1.amd64fre.ge_release.240331-1435
Kernel base = 0xfffff803`a0800000 PsLoadedModuleList = 0xfffff803`a16f4e70
Debug session time: Fri Apr  3 18:39:09.294 2026 (UTC + 3:00)
System Uptime: 0 days 0:09:03.844
Break instruction exception - code 80000003 (first chance)
*******************************************************************************
*                                                                             *
*   You are seeing this message because you pressed either                    *
*       CTRL+C (if you run console kernel debugger) or,                       *
*       CTRL+BREAK (if you run GUI kernel debugger),                          *
*   on your debugger machine's keyboard.                                      *
*                                                                             *
*                   THIS IS NOT A BUG OR A SYSTEM CRASH                       *
*                                                                             *
* If you did not intend to break into the debugger, press the "g" key, then   *
* press the "Enter" key now.  This message might immediately reappear.  If it *
* does, press "g" and "Enter" again.                                          *
*                                                                             *
*******************************************************************************
nt!DbgBreakPointWithStatus:
fffff803`a0cfa090 cc              int     3
0: kd> .logopen /t "<local-path>
Closing open log file \evidence\files\vm-tooling-staging\windbg-boot-registry-trace-20260403-183909\kd-console.log
